<?xml version="1.0" encoding="UTF-8"?>
<testng-results skipped="0" failed="0" total="1" passed="1">
  <reporter-output>
  </reporter-output>
  <suite name="Default suite" duration-ms="76213" started-at="2015-12-21T11:37:58Z" finished-at="2015-12-21T11:39:14Z">
    <groups>
    </groups>
    <test name="Default test" duration-ms="76213" started-at="2015-12-21T11:37:58Z" finished-at="2015-12-21T11:39:14Z">
      <class name="install.Install">
        <test-method status="PASS" signature="initialSetUp()[pri:0, instance:install.Install@1b853069]" name="initialSetUp" duration-ms="76152" started-at="2015-12-21T17:07:58Z" finished-at="2015-12-21T17:09:14Z">
          <reporter-output>
          </reporter-output>
        </test-method> <!-- initialSetUp -->
      </class> <!-- install.Install -->
    </test> <!-- Default test -->
  </suite> <!-- Default suite -->
</testng-results>
